[2022-02-01 15:58:01,943] {taskinstance.py:1032} INFO - Dependencies all met for <TaskInstance: first_dag.delay_function_execute scheduled__2022-02-01T15:56:00+00:00 [queued]>
[2022-02-01 15:58:01,957] {taskinstance.py:1032} INFO - Dependencies all met for <TaskInstance: first_dag.delay_function_execute scheduled__2022-02-01T15:56:00+00:00 [queued]>
[2022-02-01 15:58:01,957] {taskinstance.py:1238} INFO - 
--------------------------------------------------------------------------------
[2022-02-01 15:58:01,957] {taskinstance.py:1239} INFO - Starting attempt 1 of 2
[2022-02-01 15:58:01,957] {taskinstance.py:1240} INFO - 
--------------------------------------------------------------------------------
[2022-02-01 15:58:01,970] {taskinstance.py:1259} INFO - Executing <Task(PythonOperator): delay_function_execute> on 2022-02-01 15:56:00+00:00
[2022-02-01 15:58:01,976] {standard_task_runner.py:52} INFO - Started process 430 to run task
[2022-02-01 15:58:01,981] {standard_task_runner.py:76} INFO - Running: ['***', 'tasks', 'run', 'first_dag', 'delay_function_execute', 'scheduled__2022-02-01T15:56:00+00:00', '--job-id', '966', '--raw', '--subdir', 'DAGS_FOLDER/firstdag.py', '--cfg-path', '/tmp/tmpg6akuk0u', '--error-file', '/tmp/tmpy6lqouhh']
[2022-02-01 15:58:01,981] {standard_task_runner.py:77} INFO - Job 966: Subtask delay_function_execute
[2022-02-01 15:58:02,058] {logging_mixin.py:109} INFO - Running <TaskInstance: first_dag.delay_function_execute scheduled__2022-02-01T15:56:00+00:00 [running]> on host 846ca9424c84
[2022-02-01 15:58:02,123] {taskinstance.py:1426} INFO - Exporting the following env vars:
AIRFLOW_CTX_DAG_OWNER=***
AIRFLOW_CTX_DAG_ID=first_dag
AIRFLOW_CTX_TASK_ID=delay_function_execute
AIRFLOW_CTX_EXECUTION_DATE=2022-02-01T15:56:00+00:00
AIRFLOW_CTX_DAG_RUN_ID=scheduled__2022-02-01T15:56:00+00:00
[2022-02-01 15:58:02,123] {logging_mixin.py:109} INFO - starting delay for 5 sec
[2022-02-01 15:58:07,126] {logging_mixin.py:109} INFO - 5 sec ends
[2022-02-01 15:58:07,126] {python.py:175} INFO - Done. Returned value was: dealy function ends
[2022-02-01 15:58:07,151] {taskinstance.py:1277} INFO - Marking task as SUCCESS. dag_id=first_dag, task_id=delay_function_execute, execution_date=20220201T155600, start_date=20220201T155801, end_date=20220201T155807
[2022-02-01 15:58:07,194] {local_task_job.py:154} INFO - Task exited with return code 0
[2022-02-01 15:58:07,233] {local_task_job.py:264} INFO - 1 downstream tasks scheduled from follow-on schedule check
