[2022-02-01 16:12:01,233] {taskinstance.py:1032} INFO - Dependencies all met for <TaskInstance: first_dag.first_function_execute scheduled__2022-02-01T16:10:00+00:00 [queued]>
[2022-02-01 16:12:01,243] {taskinstance.py:1032} INFO - Dependencies all met for <TaskInstance: first_dag.first_function_execute scheduled__2022-02-01T16:10:00+00:00 [queued]>
[2022-02-01 16:12:01,244] {taskinstance.py:1238} INFO - 
--------------------------------------------------------------------------------
[2022-02-01 16:12:01,244] {taskinstance.py:1239} INFO - Starting attempt 1 of 2
[2022-02-01 16:12:01,244] {taskinstance.py:1240} INFO - 
--------------------------------------------------------------------------------
[2022-02-01 16:12:01,260] {taskinstance.py:1259} INFO - Executing <Task(PythonOperator): first_function_execute> on 2022-02-01 16:10:00+00:00
[2022-02-01 16:12:01,264] {standard_task_runner.py:52} INFO - Started process 1099 to run task
[2022-02-01 16:12:01,268] {standard_task_runner.py:76} INFO - Running: ['***', 'tasks', 'run', 'first_dag', 'first_function_execute', 'scheduled__2022-02-01T16:10:00+00:00', '--job-id', '986', '--raw', '--subdir', 'DAGS_FOLDER/firstdag.py', '--cfg-path', '/tmp/tmpekwzz658', '--error-file', '/tmp/tmpgn0sv4vv']
[2022-02-01 16:12:01,269] {standard_task_runner.py:77} INFO - Job 986: Subtask first_function_execute
[2022-02-01 16:12:01,339] {logging_mixin.py:109} INFO - Running <TaskInstance: first_dag.first_function_execute scheduled__2022-02-01T16:10:00+00:00 [running]> on host 846ca9424c84
[2022-02-01 16:12:01,408] {taskinstance.py:1426} INFO - Exporting the following env vars:
AIRFLOW_CTX_DAG_OWNER=***
AIRFLOW_CTX_DAG_ID=first_dag
AIRFLOW_CTX_TASK_ID=first_function_execute
AIRFLOW_CTX_EXECUTION_DATE=2022-02-01T16:10:00+00:00
AIRFLOW_CTX_DAG_RUN_ID=scheduled__2022-02-01T16:10:00+00:00
[2022-02-01 16:12:01,409] {logging_mixin.py:109} INFO - hello world
[2022-02-01 16:12:01,409] {python.py:175} INFO - Done. Returned value was: hello world
[2022-02-01 16:12:01,434] {taskinstance.py:1277} INFO - Marking task as SUCCESS. dag_id=first_dag, task_id=first_function_execute, execution_date=20220201T161000, start_date=20220201T161201, end_date=20220201T161201
[2022-02-01 16:12:01,480] {local_task_job.py:154} INFO - Task exited with return code 0
[2022-02-01 16:12:01,531] {local_task_job.py:264} INFO - 1 downstream tasks scheduled from follow-on schedule check
