[2022-02-01 15:54:07,880] {taskinstance.py:1032} INFO - Dependencies all met for <TaskInstance: first_dag.second_function_execute scheduled__2022-02-01T15:53:00+00:00 [queued]>
[2022-02-01 15:54:07,889] {taskinstance.py:1032} INFO - Dependencies all met for <TaskInstance: first_dag.second_function_execute scheduled__2022-02-01T15:53:00+00:00 [queued]>
[2022-02-01 15:54:07,890] {taskinstance.py:1238} INFO - 
--------------------------------------------------------------------------------
[2022-02-01 15:54:07,890] {taskinstance.py:1239} INFO - Starting attempt 1 of 2
[2022-02-01 15:54:07,890] {taskinstance.py:1240} INFO - 
--------------------------------------------------------------------------------
[2022-02-01 15:54:07,900] {taskinstance.py:1259} INFO - Executing <Task(PythonOperator): second_function_execute> on 2022-02-01 15:53:00+00:00
[2022-02-01 15:54:07,905] {standard_task_runner.py:52} INFO - Started process 246 to run task
[2022-02-01 15:54:07,909] {standard_task_runner.py:76} INFO - Running: ['***', 'tasks', 'run', 'first_dag', 'second_function_execute', 'scheduled__2022-02-01T15:53:00+00:00', '--job-id', '958', '--raw', '--subdir', 'DAGS_FOLDER/firstdag.py', '--cfg-path', '/tmp/tmp9mewc7ew', '--error-file', '/tmp/tmpe0qvpmud']
[2022-02-01 15:54:07,909] {standard_task_runner.py:77} INFO - Job 958: Subtask second_function_execute
[2022-02-01 15:54:07,984] {logging_mixin.py:109} INFO - Running <TaskInstance: first_dag.second_function_execute scheduled__2022-02-01T15:53:00+00:00 [running]> on host 846ca9424c84
[2022-02-01 15:54:08,052] {taskinstance.py:1426} INFO - Exporting the following env vars:
AIRFLOW_CTX_DAG_OWNER=***
AIRFLOW_CTX_DAG_ID=first_dag
AIRFLOW_CTX_TASK_ID=second_function_execute
AIRFLOW_CTX_EXECUTION_DATE=2022-02-01T15:53:00+00:00
AIRFLOW_CTX_DAG_RUN_ID=scheduled__2022-02-01T15:53:00+00:00
[2022-02-01 15:54:08,053] {logging_mixin.py:109} INFO - bye world
[2022-02-01 15:54:08,053] {python.py:175} INFO - Done. Returned value was: bye world
[2022-02-01 15:54:08,079] {taskinstance.py:1277} INFO - Marking task as SUCCESS. dag_id=first_dag, task_id=second_function_execute, execution_date=20220201T155300, start_date=20220201T155407, end_date=20220201T155408
[2022-02-01 15:54:08,120] {local_task_job.py:154} INFO - Task exited with return code 0
[2022-02-01 15:54:08,170] {local_task_job.py:264} INFO - 0 downstream tasks scheduled from follow-on schedule check
