[2022-02-01 16:02:01,703] {taskinstance.py:1032} INFO - Dependencies all met for <TaskInstance: first_dag.delay_function_execute scheduled__2022-02-01T16:00:00+00:00 [queued]>
[2022-02-01 16:02:01,712] {taskinstance.py:1032} INFO - Dependencies all met for <TaskInstance: first_dag.delay_function_execute scheduled__2022-02-01T16:00:00+00:00 [queued]>
[2022-02-01 16:02:01,712] {taskinstance.py:1238} INFO - 
--------------------------------------------------------------------------------
[2022-02-01 16:02:01,712] {taskinstance.py:1239} INFO - Starting attempt 1 of 2
[2022-02-01 16:02:01,712] {taskinstance.py:1240} INFO - 
--------------------------------------------------------------------------------
[2022-02-01 16:02:01,721] {taskinstance.py:1259} INFO - Executing <Task(PythonOperator): delay_function_execute> on 2022-02-01 16:00:00+00:00
[2022-02-01 16:02:01,726] {standard_task_runner.py:52} INFO - Started process 622 to run task
[2022-02-01 16:02:01,730] {standard_task_runner.py:76} INFO - Running: ['***', 'tasks', 'run', 'first_dag', 'delay_function_execute', 'scheduled__2022-02-01T16:00:00+00:00', '--job-id', '972', '--raw', '--subdir', 'DAGS_FOLDER/firstdag.py', '--cfg-path', '/tmp/tmpo0d7s1t7', '--error-file', '/tmp/tmp341t2le4']
[2022-02-01 16:02:01,731] {standard_task_runner.py:77} INFO - Job 972: Subtask delay_function_execute
[2022-02-01 16:02:01,797] {logging_mixin.py:109} INFO - Running <TaskInstance: first_dag.delay_function_execute scheduled__2022-02-01T16:00:00+00:00 [running]> on host 846ca9424c84
[2022-02-01 16:02:01,861] {taskinstance.py:1426} INFO - Exporting the following env vars:
AIRFLOW_CTX_DAG_OWNER=***
AIRFLOW_CTX_DAG_ID=first_dag
AIRFLOW_CTX_TASK_ID=delay_function_execute
AIRFLOW_CTX_EXECUTION_DATE=2022-02-01T16:00:00+00:00
AIRFLOW_CTX_DAG_RUN_ID=scheduled__2022-02-01T16:00:00+00:00
[2022-02-01 16:02:01,861] {logging_mixin.py:109} INFO - starting delay for 5 sec
[2022-02-01 16:02:06,866] {logging_mixin.py:109} INFO - 5 sec ends
[2022-02-01 16:02:06,866] {python.py:175} INFO - Done. Returned value was: dealy function ends
[2022-02-01 16:02:06,899] {taskinstance.py:1277} INFO - Marking task as SUCCESS. dag_id=first_dag, task_id=delay_function_execute, execution_date=20220201T160000, start_date=20220201T160201, end_date=20220201T160206
[2022-02-01 16:02:06,949] {local_task_job.py:154} INFO - Task exited with return code 0
[2022-02-01 16:02:06,997] {local_task_job.py:264} INFO - 1 downstream tasks scheduled from follow-on schedule check
