[2022-02-01 15:54:02,050] {taskinstance.py:1032} INFO - Dependencies all met for <TaskInstance: first_dag.delay_function_execute scheduled__2022-02-01T15:53:00+00:00 [queued]>
[2022-02-01 15:54:02,063] {taskinstance.py:1032} INFO - Dependencies all met for <TaskInstance: first_dag.delay_function_execute scheduled__2022-02-01T15:53:00+00:00 [queued]>
[2022-02-01 15:54:02,063] {taskinstance.py:1238} INFO - 
--------------------------------------------------------------------------------
[2022-02-01 15:54:02,063] {taskinstance.py:1239} INFO - Starting attempt 1 of 2
[2022-02-01 15:54:02,063] {taskinstance.py:1240} INFO - 
--------------------------------------------------------------------------------
[2022-02-01 15:54:02,074] {taskinstance.py:1259} INFO - Executing <Task(PythonOperator): delay_function_execute> on 2022-02-01 15:53:00+00:00
[2022-02-01 15:54:02,081] {standard_task_runner.py:52} INFO - Started process 235 to run task
[2022-02-01 15:54:02,085] {standard_task_runner.py:76} INFO - Running: ['***', 'tasks', 'run', 'first_dag', 'delay_function_execute', 'scheduled__2022-02-01T15:53:00+00:00', '--job-id', '957', '--raw', '--subdir', 'DAGS_FOLDER/firstdag.py', '--cfg-path', '/tmp/tmp1tsmul2_', '--error-file', '/tmp/tmpa7l8ojc7']
[2022-02-01 15:54:02,086] {standard_task_runner.py:77} INFO - Job 957: Subtask delay_function_execute
[2022-02-01 15:54:02,162] {logging_mixin.py:109} INFO - Running <TaskInstance: first_dag.delay_function_execute scheduled__2022-02-01T15:53:00+00:00 [running]> on host 846ca9424c84
[2022-02-01 15:54:02,229] {taskinstance.py:1426} INFO - Exporting the following env vars:
AIRFLOW_CTX_DAG_OWNER=***
AIRFLOW_CTX_DAG_ID=first_dag
AIRFLOW_CTX_TASK_ID=delay_function_execute
AIRFLOW_CTX_EXECUTION_DATE=2022-02-01T15:53:00+00:00
AIRFLOW_CTX_DAG_RUN_ID=scheduled__2022-02-01T15:53:00+00:00
[2022-02-01 15:54:02,230] {logging_mixin.py:109} INFO - starting delay for 5 sec
[2022-02-01 15:54:07,234] {logging_mixin.py:109} INFO - 5 sec ends
[2022-02-01 15:54:07,234] {python.py:175} INFO - Done. Returned value was: dealy function ends
[2022-02-01 15:54:07,264] {taskinstance.py:1277} INFO - Marking task as SUCCESS. dag_id=first_dag, task_id=delay_function_execute, execution_date=20220201T155300, start_date=20220201T155402, end_date=20220201T155407
[2022-02-01 15:54:07,297] {local_task_job.py:154} INFO - Task exited with return code 0
[2022-02-01 15:54:07,341] {local_task_job.py:264} INFO - 1 downstream tasks scheduled from follow-on schedule check
