[2022-02-01 15:51:14,691] {taskinstance.py:1032} INFO - Dependencies all met for <TaskInstance: first_dag.first_function_execute scheduled__2022-01-31T00:00:00+00:00 [queued]>
[2022-02-01 15:51:14,709] {taskinstance.py:1032} INFO - Dependencies all met for <TaskInstance: first_dag.first_function_execute scheduled__2022-01-31T00:00:00+00:00 [queued]>
[2022-02-01 15:51:14,710] {taskinstance.py:1238} INFO - 
--------------------------------------------------------------------------------
[2022-02-01 15:51:14,710] {taskinstance.py:1239} INFO - Starting attempt 1 of 2
[2022-02-01 15:51:14,710] {taskinstance.py:1240} INFO - 
--------------------------------------------------------------------------------
[2022-02-01 15:51:14,750] {taskinstance.py:1259} INFO - Executing <Task(PythonOperator): first_function_execute> on 2022-01-31 00:00:00+00:00
[2022-02-01 15:51:14,801] {standard_task_runner.py:52} INFO - Started process 94 to run task
[2022-02-01 15:51:14,817] {standard_task_runner.py:76} INFO - Running: ['***', 'tasks', 'run', 'first_dag', 'first_function_execute', 'scheduled__2022-01-31T00:00:00+00:00', '--job-id', '947', '--raw', '--subdir', 'DAGS_FOLDER/firstdag.py', '--cfg-path', '/tmp/tmp3xbx_qn3', '--error-file', '/tmp/tmpscjymrgh']
[2022-02-01 15:51:14,817] {standard_task_runner.py:77} INFO - Job 947: Subtask first_function_execute
[2022-02-01 15:51:14,987] {logging_mixin.py:109} INFO - Running <TaskInstance: first_dag.first_function_execute scheduled__2022-01-31T00:00:00+00:00 [running]> on host 846ca9424c84
[2022-02-01 15:51:15,048] {taskinstance.py:1426} INFO - Exporting the following env vars:
AIRFLOW_CTX_DAG_OWNER=***
AIRFLOW_CTX_DAG_ID=first_dag
AIRFLOW_CTX_TASK_ID=first_function_execute
AIRFLOW_CTX_EXECUTION_DATE=2022-01-31T00:00:00+00:00
AIRFLOW_CTX_DAG_RUN_ID=scheduled__2022-01-31T00:00:00+00:00
[2022-02-01 15:51:15,049] {logging_mixin.py:109} INFO - hello world
[2022-02-01 15:51:15,049] {python.py:175} INFO - Done. Returned value was: hello world
[2022-02-01 15:51:15,082] {taskinstance.py:1277} INFO - Marking task as SUCCESS. dag_id=first_dag, task_id=first_function_execute, execution_date=20220131T000000, start_date=20220201T155114, end_date=20220201T155115
[2022-02-01 15:51:15,134] {local_task_job.py:154} INFO - Task exited with return code 0
[2022-02-01 15:51:15,170] {local_task_job.py:264} INFO - 0 downstream tasks scheduled from follow-on schedule check
