[2022-02-01 16:00:02,126] {taskinstance.py:1032} INFO - Dependencies all met for <TaskInstance: first_dag.delay_function_execute scheduled__2022-02-01T15:58:00+00:00 [queued]>
[2022-02-01 16:00:02,136] {taskinstance.py:1032} INFO - Dependencies all met for <TaskInstance: first_dag.delay_function_execute scheduled__2022-02-01T15:58:00+00:00 [queued]>
[2022-02-01 16:00:02,136] {taskinstance.py:1238} INFO - 
--------------------------------------------------------------------------------
[2022-02-01 16:00:02,136] {taskinstance.py:1239} INFO - Starting attempt 1 of 2
[2022-02-01 16:00:02,136] {taskinstance.py:1240} INFO - 
--------------------------------------------------------------------------------
[2022-02-01 16:00:02,147] {taskinstance.py:1259} INFO - Executing <Task(PythonOperator): delay_function_execute> on 2022-02-01 15:58:00+00:00
[2022-02-01 16:00:02,152] {standard_task_runner.py:52} INFO - Started process 521 to run task
[2022-02-01 16:00:02,156] {standard_task_runner.py:76} INFO - Running: ['***', 'tasks', 'run', 'first_dag', 'delay_function_execute', 'scheduled__2022-02-01T15:58:00+00:00', '--job-id', '969', '--raw', '--subdir', 'DAGS_FOLDER/firstdag.py', '--cfg-path', '/tmp/tmpgmj38u4h', '--error-file', '/tmp/tmpt035zntv']
[2022-02-01 16:00:02,157] {standard_task_runner.py:77} INFO - Job 969: Subtask delay_function_execute
[2022-02-01 16:00:02,220] {logging_mixin.py:109} INFO - Running <TaskInstance: first_dag.delay_function_execute scheduled__2022-02-01T15:58:00+00:00 [running]> on host 846ca9424c84
[2022-02-01 16:00:02,287] {taskinstance.py:1426} INFO - Exporting the following env vars:
AIRFLOW_CTX_DAG_OWNER=***
AIRFLOW_CTX_DAG_ID=first_dag
AIRFLOW_CTX_TASK_ID=delay_function_execute
AIRFLOW_CTX_EXECUTION_DATE=2022-02-01T15:58:00+00:00
AIRFLOW_CTX_DAG_RUN_ID=scheduled__2022-02-01T15:58:00+00:00
[2022-02-01 16:00:02,288] {logging_mixin.py:109} INFO - starting delay for 5 sec
[2022-02-01 16:00:07,290] {logging_mixin.py:109} INFO - 5 sec ends
[2022-02-01 16:00:07,290] {python.py:175} INFO - Done. Returned value was: dealy function ends
[2022-02-01 16:00:07,322] {taskinstance.py:1277} INFO - Marking task as SUCCESS. dag_id=first_dag, task_id=delay_function_execute, execution_date=20220201T155800, start_date=20220201T160002, end_date=20220201T160007
[2022-02-01 16:00:07,371] {local_task_job.py:154} INFO - Task exited with return code 0
[2022-02-01 16:00:07,411] {local_task_job.py:264} INFO - 1 downstream tasks scheduled from follow-on schedule check
