[2022-02-01 16:06:08,318] {taskinstance.py:1032} INFO - Dependencies all met for <TaskInstance: first_dag.second_function_execute scheduled__2022-02-01T16:04:00+00:00 [queued]>
[2022-02-01 16:06:08,328] {taskinstance.py:1032} INFO - Dependencies all met for <TaskInstance: first_dag.second_function_execute scheduled__2022-02-01T16:04:00+00:00 [queued]>
[2022-02-01 16:06:08,328] {taskinstance.py:1238} INFO - 
--------------------------------------------------------------------------------
[2022-02-01 16:06:08,328] {taskinstance.py:1239} INFO - Starting attempt 1 of 2
[2022-02-01 16:06:08,328] {taskinstance.py:1240} INFO - 
--------------------------------------------------------------------------------
[2022-02-01 16:06:08,337] {taskinstance.py:1259} INFO - Executing <Task(PythonOperator): second_function_execute> on 2022-02-01 16:04:00+00:00
[2022-02-01 16:06:08,342] {standard_task_runner.py:52} INFO - Started process 816 to run task
[2022-02-01 16:06:08,347] {standard_task_runner.py:76} INFO - Running: ['***', 'tasks', 'run', 'first_dag', 'second_function_execute', 'scheduled__2022-02-01T16:04:00+00:00', '--job-id', '979', '--raw', '--subdir', 'DAGS_FOLDER/firstdag.py', '--cfg-path', '/tmp/tmpu3kso5i0', '--error-file', '/tmp/tmp8pxo_uuz']
[2022-02-01 16:06:08,347] {standard_task_runner.py:77} INFO - Job 979: Subtask second_function_execute
[2022-02-01 16:06:08,413] {logging_mixin.py:109} INFO - Running <TaskInstance: first_dag.second_function_execute scheduled__2022-02-01T16:04:00+00:00 [running]> on host 846ca9424c84
[2022-02-01 16:06:08,476] {taskinstance.py:1426} INFO - Exporting the following env vars:
AIRFLOW_CTX_DAG_OWNER=***
AIRFLOW_CTX_DAG_ID=first_dag
AIRFLOW_CTX_TASK_ID=second_function_execute
AIRFLOW_CTX_EXECUTION_DATE=2022-02-01T16:04:00+00:00
AIRFLOW_CTX_DAG_RUN_ID=scheduled__2022-02-01T16:04:00+00:00
[2022-02-01 16:06:08,477] {logging_mixin.py:109} INFO - bye world
[2022-02-01 16:06:08,477] {python.py:175} INFO - Done. Returned value was: bye world
[2022-02-01 16:06:08,502] {taskinstance.py:1277} INFO - Marking task as SUCCESS. dag_id=first_dag, task_id=second_function_execute, execution_date=20220201T160400, start_date=20220201T160608, end_date=20220201T160608
[2022-02-01 16:06:08,558] {local_task_job.py:154} INFO - Task exited with return code 0
[2022-02-01 16:06:08,602] {local_task_job.py:264} INFO - 0 downstream tasks scheduled from follow-on schedule check
