[2022-02-01 15:55:07,741] {taskinstance.py:1032} INFO - Dependencies all met for <TaskInstance: first_dag.second_function_execute scheduled__2022-02-01T15:54:00+00:00 [queued]>
[2022-02-01 15:55:07,749] {taskinstance.py:1032} INFO - Dependencies all met for <TaskInstance: first_dag.second_function_execute scheduled__2022-02-01T15:54:00+00:00 [queued]>
[2022-02-01 15:55:07,750] {taskinstance.py:1238} INFO - 
--------------------------------------------------------------------------------
[2022-02-01 15:55:07,750] {taskinstance.py:1239} INFO - Starting attempt 1 of 2
[2022-02-01 15:55:07,750] {taskinstance.py:1240} INFO - 
--------------------------------------------------------------------------------
[2022-02-01 15:55:07,767] {taskinstance.py:1259} INFO - Executing <Task(PythonOperator): second_function_execute> on 2022-02-01 15:54:00+00:00
[2022-02-01 15:55:07,786] {standard_task_runner.py:52} INFO - Started process 290 to run task
[2022-02-01 15:55:07,791] {standard_task_runner.py:76} INFO - Running: ['***', 'tasks', 'run', 'first_dag', 'second_function_execute', 'scheduled__2022-02-01T15:54:00+00:00', '--job-id', '961', '--raw', '--subdir', 'DAGS_FOLDER/firstdag.py', '--cfg-path', '/tmp/tmp4mko7o35', '--error-file', '/tmp/tmp2s248zit']
[2022-02-01 15:55:07,792] {standard_task_runner.py:77} INFO - Job 961: Subtask second_function_execute
[2022-02-01 15:55:07,861] {logging_mixin.py:109} INFO - Running <TaskInstance: first_dag.second_function_execute scheduled__2022-02-01T15:54:00+00:00 [running]> on host 846ca9424c84
[2022-02-01 15:55:07,923] {taskinstance.py:1426} INFO - Exporting the following env vars:
AIRFLOW_CTX_DAG_OWNER=***
AIRFLOW_CTX_DAG_ID=first_dag
AIRFLOW_CTX_TASK_ID=second_function_execute
AIRFLOW_CTX_EXECUTION_DATE=2022-02-01T15:54:00+00:00
AIRFLOW_CTX_DAG_RUN_ID=scheduled__2022-02-01T15:54:00+00:00
[2022-02-01 15:55:07,924] {logging_mixin.py:109} INFO - bye world
[2022-02-01 15:55:07,924] {python.py:175} INFO - Done. Returned value was: bye world
[2022-02-01 15:55:07,951] {taskinstance.py:1277} INFO - Marking task as SUCCESS. dag_id=first_dag, task_id=second_function_execute, execution_date=20220201T155400, start_date=20220201T155507, end_date=20220201T155507
[2022-02-01 15:55:08,009] {local_task_job.py:154} INFO - Task exited with return code 0
[2022-02-01 15:55:08,053] {local_task_job.py:264} INFO - 0 downstream tasks scheduled from follow-on schedule check
