[2022-02-01 15:51:14,755] {taskinstance.py:1032} INFO - Dependencies all met for <TaskInstance: first_dag.second_function_execute scheduled__2022-01-31T00:00:00+00:00 [queued]>
[2022-02-01 15:51:14,800] {taskinstance.py:1032} INFO - Dependencies all met for <TaskInstance: first_dag.second_function_execute scheduled__2022-01-31T00:00:00+00:00 [queued]>
[2022-02-01 15:51:14,801] {taskinstance.py:1238} INFO - 
--------------------------------------------------------------------------------
[2022-02-01 15:51:14,801] {taskinstance.py:1239} INFO - Starting attempt 1 of 2
[2022-02-01 15:51:14,801] {taskinstance.py:1240} INFO - 
--------------------------------------------------------------------------------
[2022-02-01 15:51:14,823] {taskinstance.py:1259} INFO - Executing <Task(PythonOperator): second_function_execute> on 2022-01-31 00:00:00+00:00
[2022-02-01 15:51:14,851] {standard_task_runner.py:52} INFO - Started process 95 to run task
[2022-02-01 15:51:14,858] {standard_task_runner.py:76} INFO - Running: ['***', 'tasks', 'run', 'first_dag', 'second_function_execute', 'scheduled__2022-01-31T00:00:00+00:00', '--job-id', '949', '--raw', '--subdir', 'DAGS_FOLDER/firstdag.py', '--cfg-path', '/tmp/tmp8ppgim68', '--error-file', '/tmp/tmpvx9t3xs_']
[2022-02-01 15:51:14,859] {standard_task_runner.py:77} INFO - Job 949: Subtask second_function_execute
[2022-02-01 15:51:14,983] {logging_mixin.py:109} INFO - Running <TaskInstance: first_dag.second_function_execute scheduled__2022-01-31T00:00:00+00:00 [running]> on host 846ca9424c84
[2022-02-01 15:51:15,054] {taskinstance.py:1426} INFO - Exporting the following env vars:
AIRFLOW_CTX_DAG_OWNER=***
AIRFLOW_CTX_DAG_ID=first_dag
AIRFLOW_CTX_TASK_ID=second_function_execute
AIRFLOW_CTX_EXECUTION_DATE=2022-01-31T00:00:00+00:00
AIRFLOW_CTX_DAG_RUN_ID=scheduled__2022-01-31T00:00:00+00:00
[2022-02-01 15:51:15,055] {logging_mixin.py:109} INFO - bye world
[2022-02-01 15:51:15,055] {python.py:175} INFO - Done. Returned value was: bye world
[2022-02-01 15:51:15,096] {taskinstance.py:1277} INFO - Marking task as SUCCESS. dag_id=first_dag, task_id=second_function_execute, execution_date=20220131T000000, start_date=20220201T155114, end_date=20220201T155115
[2022-02-01 15:51:15,129] {local_task_job.py:154} INFO - Task exited with return code 0
[2022-02-01 15:51:15,179] {local_task_job.py:264} INFO - 0 downstream tasks scheduled from follow-on schedule check
