[2022-02-01 15:52:15,410] {taskinstance.py:1032} INFO - Dependencies all met for <TaskInstance: first_dag.delay_function_execute scheduled__2022-02-01T15:51:00+00:00 [queued]>
[2022-02-01 15:52:15,428] {taskinstance.py:1032} INFO - Dependencies all met for <TaskInstance: first_dag.delay_function_execute scheduled__2022-02-01T15:51:00+00:00 [queued]>
[2022-02-01 15:52:15,429] {taskinstance.py:1238} INFO - 
--------------------------------------------------------------------------------
[2022-02-01 15:52:15,429] {taskinstance.py:1239} INFO - Starting attempt 1 of 2
[2022-02-01 15:52:15,429] {taskinstance.py:1240} INFO - 
--------------------------------------------------------------------------------
[2022-02-01 15:52:15,440] {taskinstance.py:1259} INFO - Executing <Task(PythonOperator): delay_function_execute> on 2022-02-01 15:51:00+00:00
[2022-02-01 15:52:15,447] {standard_task_runner.py:52} INFO - Started process 146 to run task
[2022-02-01 15:52:15,452] {standard_task_runner.py:76} INFO - Running: ['***', 'tasks', 'run', 'first_dag', 'delay_function_execute', 'scheduled__2022-02-01T15:51:00+00:00', '--job-id', '951', '--raw', '--subdir', 'DAGS_FOLDER/firstdag.py', '--cfg-path', '/tmp/tmp0bfhz6cy', '--error-file', '/tmp/tmpfxepxy4g']
[2022-02-01 15:52:15,452] {standard_task_runner.py:77} INFO - Job 951: Subtask delay_function_execute
[2022-02-01 15:52:15,532] {logging_mixin.py:109} INFO - Running <TaskInstance: first_dag.delay_function_execute scheduled__2022-02-01T15:51:00+00:00 [running]> on host 846ca9424c84
[2022-02-01 15:52:15,607] {taskinstance.py:1426} INFO - Exporting the following env vars:
AIRFLOW_CTX_DAG_OWNER=***
AIRFLOW_CTX_DAG_ID=first_dag
AIRFLOW_CTX_TASK_ID=delay_function_execute
AIRFLOW_CTX_EXECUTION_DATE=2022-02-01T15:51:00+00:00
AIRFLOW_CTX_DAG_RUN_ID=scheduled__2022-02-01T15:51:00+00:00
[2022-02-01 15:52:15,608] {logging_mixin.py:109} INFO - starting delay for 5 sec
[2022-02-01 15:52:20,614] {logging_mixin.py:109} INFO - 5 sec ends
[2022-02-01 15:52:20,614] {python.py:175} INFO - Done. Returned value was: dealy function ends
[2022-02-01 15:52:20,647] {taskinstance.py:1277} INFO - Marking task as SUCCESS. dag_id=first_dag, task_id=delay_function_execute, execution_date=20220201T155100, start_date=20220201T155215, end_date=20220201T155220
[2022-02-01 15:52:20,705] {local_task_job.py:154} INFO - Task exited with return code 0
[2022-02-01 15:52:20,751] {local_task_job.py:264} INFO - 1 downstream tasks scheduled from follow-on schedule check
